<?xml version="1.0" encoding="utf-8"?><testsuites name="pytest tests"><testsuite name="pytest" errors="0" failures="0" skipped="0" tests="40" time="8.094" timestamp="2026-09-14T22:46:01.184790+08:00" hostname="Zixian’s_THBook"><testcase classname="tests.test_cli" name="test_cli_without_command_prints_help" time="0.015" /><testcase classname="tests.test_cli" name="test_cli_help" time="0.014" /><testcase classname="tests.test_cli" name="test_cli_version" time="0.009" /><testcase classname="tests.test_cli" name="test_inspect_labelled_tiff" time="0.020" /><testcase classname="tests.test_cli" name="test_cli_inspect_command" time="0.025" /><testcase classname="tests.test_cli" name="test_cli_missing_file_returns_error" time="0.012" /><testcase classname="tests.test_cli" name="test_parser_contains_inspect_command" time="0.008" /><testcase classname="tests.test_connectivity" name="test_x_direction_connectivity" time="0.002" /><testcase classname="tests.test_connectivity" name="test_edge_contact_is_not_face_connected" time="0.002" /><testcase classname="tests.test_connectivity" name="test_corner_contact_is_not_face_connected" time="0.002" /><testcase classname="tests.test_connectivity" name="test_missing_label_raises_error" time="0.001" /><testcase classname="tests.test_diffusion" name="test_single_direction_transport" time="0.001" /><testcase classname="tests.test_diffusion" name="test_directional_pipeline_skips_nonpercolating_directions" time="0.003" /><testcase classname="tests.test_diffusion" name="test_direction_axis_mapping" time="0.001" /><testcase classname="tests.test_diffusion" name="test_nonpercolating_mask_raises_error" time="0.001" /><testcase classname="tests.test_diffusion" name="test_invalid_direction_raises_error" time="0.001" /><testcase classname="tests.test_export" name="test_export_binary_mask" time="0.015" /><testcase classname="tests.test_export" name="test_export_scalar_volume" time="0.016" /><testcase classname="tests.test_export" name="test_export_excel_workbook" time="0.554" /><testcase classname="tests.test_export" name="test_export_metadata_json" time="0.017" /><testcase classname="tests.test_export" name="test_export_array_archive" time="0.020" /><testcase classname="tests.test_export" name="test_export_complete_analysis_bundle" time="0.044" /><testcase classname="tests.test_permeability" name="test_darcy_permeability_known_value" time="0.001" /><testcase classname="tests.test_permeability" name="test_zyx_to_xyz_transposition" time="0.001" /><testcase classname="tests.test_permeability" name="test_directional_boundary_width" time="0.001" /><testcase classname="tests.test_permeability" name="test_x_direction_domain_geometry" time="0.001" /><testcase classname="tests.test_permeability" name="test_missing_phase_label_raises_error" time="0.001" /><testcase classname="tests.test_permeability" name="test_invalid_direction_raises_error" time="0.001" /><testcase classname="tests.test_permeability" name="test_negative_pressure_drop_raises_error" time="0.001" /><testcase classname="tests.test_phase_fraction" name="test_two_phase_fraction" time="0.003" /><testcase classname="tests.test_pore_size" name="test_local_radius_is_converted_to_physical_diameter" time="0.001" /><testcase classname="tests.test_pore_size" name="test_pore_size_summary_and_classes" time="0.003" /><testcase classname="tests.test_pore_size" name="test_distribution_contains_all_selected_voxels" time="0.002" /><testcase classname="tests.test_pore_size" name="test_missing_phase_label_raises_error" time="0.001" /><testcase classname="tests.test_pore_size" name="test_invalid_voxel_size_raises_error" time="0.001" /><testcase classname="tests.test_random_walk" name="test_random_walk_tortuosity_calculation" time="0.002" /><testcase classname="tests.test_random_walk" name="test_255_binary_mask_is_accepted" time="0.001" /><testcase classname="tests.test_random_walk" name="test_connected_label_pipeline" time="0.002" /><testcase classname="tests.test_random_walk" name="test_empty_mask_raises_error" time="0.001" /><testcase classname="tests.test_random_walk" name="test_invalid_stride_raises_error" time="0.001" /></testsuite></testsuites>